\BOOKMARK [0][-]{chapter.1}{Pr\351sentation du projet}{}% 1
\BOOKMARK [1][-]{section.1.1}{R\350gle du jeu}{chapter.1}% 2
\BOOKMARK [2][-]{subsection.1.1.1}{Conditions de victoire}{section.1.1}% 3
\BOOKMARK [1][-]{section.1.2}{Utilisation du logiciel}{chapter.1}% 4
\BOOKMARK [2][-]{subsection.1.2.1}{Installation}{section.1.2}% 5
\BOOKMARK [2][-]{subsection.1.2.2}{Lancement du logiciel}{section.1.2}% 6
\BOOKMARK [2][-]{subsection.1.2.3}{Ressource du logiciel}{section.1.2}% 7
\BOOKMARK [1][-]{section.1.3}{D\351finition des besoins}{chapter.1}% 8
\BOOKMARK [2][-]{subsection.1.3.1}{Contexte g\351n\351ral}{section.1.3}% 9
\BOOKMARK [2][-]{subsection.1.3.2}{Besoins et priorit\351s}{section.1.3}% 10
\BOOKMARK [1][-]{section.1.4}{Etat du produit au d\351but du projet}{chapter.1}% 11
\BOOKMARK [1][-]{section.1.5}{Sp\351cifications}{chapter.1}% 12
\BOOKMARK [0][-]{chapter.2}{R\351alisation}{}% 13
\BOOKMARK [1][-]{section.2.1}{Pr\351sentation du logiciel r\351alis\351}{chapter.2}% 14
\BOOKMARK [1][-]{section.2.2}{Pr\351sentation technique}{chapter.2}% 15
\BOOKMARK [2][-]{subsection.2.2.1}{Points importants}{section.2.2}% 16
\BOOKMARK [0][-]{chapter.3}{Bilan}{}% 17
\BOOKMARK [1][-]{section.3.1}{D\351roulement du projet}{chapter.3}% 18
\BOOKMARK [2][-]{subsection.3.1.1}{Pr\351visions}{section.3.1}% 19
\BOOKMARK [2][-]{subsection.3.1.2}{Probl\350mes rencontr\351s}{section.3.1}% 20
\BOOKMARK [2][-]{subsection.3.1.3}{Solutions}{section.3.1}% 21
\BOOKMARK [1][-]{section.3.2}{Conclusion \(pour les projets futurs\)}{chapter.3}% 22
\BOOKMARK [2][-]{subsection.3.2.1}{Gestion des t\342ches \340 accomplir}{section.3.2}% 23
\BOOKMARK [2][-]{subsection.3.2.2}{Ce que nous a apport\351 ce projet}{section.3.2}% 24
\BOOKMARK [1][-]{section.3.3}{Ressources}{chapter.3}% 25
